0 0
0 4096
0 73728
0 77824
0 147456
0 151552
0 221184
0 225280
0 16777216
0 16781312
0 16850944
0 16855040
0 16924672
0 16928768
0 16998400
0 17002496
0 33554432
0 33558528
0 33628160
0 33632256
0 33701888
0 33705984
0 33775616
0 33779712
0 50331648
0 50335744
0 50405376
0 50409472
0 50479104
0 50483200
0 50552832
0 50556928
0 67108864
0 67112960
0 67182592
0 67186688
0 67256320
0 67260416
0 67330048
0 67334144
0 83886080
0 83890176
0 83959808
0 83963904
0 84033536
0 84037632
0 84107264
0 84111360
0 100663296
0 100667392
0 100737024
0 100741120
0 100810752
0 100814848
0 100884480
0 100888576
0 117440512
0 117444608
0 117514240
0 117518336
0 117587968
0 117592064
0 117661696
0 117665792
0 134217728
0 134221824
0 134291456
0 134295552
0 134365184
0 134369280
0 134438912
0 134443008
0 64
0 4160
0 73792
0 77888
0 147520
0 151616
0 221248
0 225344
0 16777280
0 16781376
0 16851008
0 16855104
0 16924736
0 16928832
0 16998464
0 17002560
0 33554496
0 33558592
0 33628224
0 33632320
0 33701952
0 33706048
0 33775680
0 33779776
0 50331712
0 50335808
0 50405440
0 50409536
0 50479168
0 50483264
0 50552896
0 50556992
0 67108928
0 67113024
0 67182656
0 67186752
0 67256384
0 67260480
0 67330112
0 67334208
0 83886144
0 83890240
0 83959872
0 83963968
0 84033600
0 84037696
0 84107328
0 84111424
0 100663360
0 100667456
0 100737088
0 100741184
0 100810816
0 100814912
0 100884544
0 100888640
0 117440576
0 117444672
0 117514304
0 117518400
0 117588032
0 117592128
0 117661760
0 117665856
0 134217792
0 134221888
0 134291520
0 134295616
0 134365248
0 134369344
0 134438976
0 134443072
0 128
0 4224
0 73856
0 77952
0 147584
0 151680
0 221312
0 225408
0 16777344
0 16781440
0 16851072
0 16855168
0 16924800
0 16928896
0 16998528
0 17002624
0 33554560
0 33558656
0 33628288
0 33632384
0 33702016
0 33706112
0 33775744
0 33779840
0 50331776
0 50335872
0 50405504
0 50409600
0 50479232
0 50483328
0 50552960
0 50557056
0 67108992
0 67113088
0 67182720
0 67186816
0 67256448
0 67260544
0 67330176
0 67334272
0 83886208
0 83890304
0 83959936
0 83964032
0 84033664
0 84037760
0 84107392
0 84111488
0 100663424
0 100667520
0 100737152
0 100741248
0 100810880
0 100814976
0 100884608
0 100888704
0 117440640
0 117444736
0 117514368
0 117518464
0 117588096
0 117592192
0 117661824
0 117665920
0 134217856
0 134221952
0 134291584
0 134295680
0 134365312
0 134369408
0 134439040
0 134443136
0 192
0 4288
0 73920
0 78016
0 147648
0 151744
0 221376
0 225472
0 16777408
0 16781504
0 16851136
0 16855232
0 16924864
0 16928960
0 16998592
0 17002688
0 33554624
0 33558720
0 33628352
0 33632448
0 33702080
0 33706176
0 33775808
0 33779904
0 50331840
0 50335936
0 50405568
0 50409664
0 50479296
0 50483392
0 50553024
0 50557120
0 67109056
0 67113152
0 67182784
0 67186880
0 67256512
0 67260608
0 67330240
0 67334336
0 83886272
0 83890368
0 83960000
0 83964096
0 84033728
0 84037824
0 84107456
0 84111552
0 100663488
0 100667584
0 100737216
0 100741312
0 100810944
0 100815040
0 100884672
0 100888768
0 117440704
0 117444800
0 117514432
0 117518528
0 117588160
0 117592256
0 117661888
0 117665984
0 134217920
0 134222016
0 134291648
0 134295744
0 134365376
0 134369472
0 134439104
0 134443200
0 256
0 4352
0 73984
0 78080
0 147712
0 151808
0 221440
0 225536
0 16777472
0 16781568
0 16851200
0 16855296
0 16924928
0 16929024
0 16998656
0 17002752
0 33554688
0 33558784
0 33628416
0 33632512
0 33702144
0 33706240
0 33775872
0 33779968
0 50331904
0 50336000
0 50405632
0 50409728
0 50479360
0 50483456
0 50553088
0 50557184
0 67109120
0 67113216
0 67182848
0 67186944
0 67256576
0 67260672
0 67330304
0 67334400
0 83886336
0 83890432
0 83960064
0 83964160
0 84033792
0 84037888
0 84107520
0 84111616
0 100663552
0 100667648
0 100737280
0 100741376
0 100811008
0 100815104
0 100884736
0 100888832
0 117440768
0 117444864
0 117514496
0 117518592
0 117588224
0 117592320
0 117661952
0 117666048
0 134217984
0 134222080
0 134291712
0 134295808
0 134365440
0 134369536
0 134439168
0 134443264
0 320
0 4416
0 74048
0 78144
0 147776
0 151872
0 221504
0 225600
0 16777536
0 16781632
0 16851264
0 16855360
0 16924992
0 16929088
0 16998720
0 17002816
0 33554752
0 33558848
0 33628480
0 33632576
0 33702208
0 33706304
0 33775936
0 33780032
0 50331968
0 50336064
0 50405696
0 50409792
0 50479424
0 50483520
0 50553152
0 50557248
0 67109184
0 67113280
0 67182912
0 67187008
0 67256640
0 67260736
0 67330368
0 67334464
0 83886400
0 83890496
0 83960128
0 83964224
0 84033856
0 84037952
0 84107584
0 84111680
0 100663616
0 100667712
0 100737344
0 100741440
0 100811072
0 100815168
0 100884800
0 100888896
0 117440832
0 117444928
0 117514560
0 117518656
0 117588288
0 117592384
0 117662016
0 117666112
0 134218048
0 134222144
0 134291776
0 134295872
0 134365504
0 134369600
0 134439232
0 134443328
0 384
0 4480
0 74112
0 78208
0 147840
0 151936
0 221568
0 225664
0 16777600
0 16781696
0 16851328
0 16855424
0 16925056
0 16929152
0 16998784
0 17002880
0 33554816
0 33558912
0 33628544
0 33632640
0 33702272
0 33706368
0 33776000
0 33780096
0 50332032
0 50336128
0 50405760
0 50409856
0 50479488
0 50483584
0 50553216
0 50557312
0 67109248
0 67113344
0 67182976
0 67187072
0 67256704
0 67260800
0 67330432
0 67334528
0 83886464
0 83890560
0 83960192
0 83964288
0 84033920
0 84038016
0 84107648
0 84111744
0 100663680
0 100667776
0 100737408
0 100741504
0 100811136
0 100815232
0 100884864
0 100888960
0 117440896
0 117444992
0 117514624
0 117518720
0 117588352
0 117592448
0 117662080
0 117666176
0 134218112
0 134222208
0 134291840
0 134295936
0 134365568
0 134369664
0 134439296
0 134443392
0 448
0 4544
0 74176
0 78272
0 147904
0 152000
0 221632
0 225728
0 16777664
0 16781760
0 16851392
0 16855488
0 16925120
0 16929216
0 16998848
0 17002944
0 33554880
0 33558976
0 33628608
0 33632704
0 33702336
0 33706432
0 33776064
0 33780160
0 50332096
0 50336192
0 50405824
0 50409920
0 50479552
0 50483648
0 50553280
0 50557376
0 67109312
0 67113408
0 67183040
0 67187136
0 67256768
0 67260864
0 67330496
0 67334592
0 83886528
0 83890624
0 83960256
0 83964352
0 84033984
0 84038080
0 84107712
0 84111808
0 100663744
0 100667840
0 100737472
0 100741568
0 100811200
0 100815296
0 100884928
0 100889024
0 117440960
0 117445056
0 117514688
0 117518784
0 117588416
0 117592512
0 117662144
0 117666240
0 134218176
0 134222272
0 134291904
0 134296000
0 134365632
0 134369728
0 134439360
0 134443456
0 512
0 4608
0 74240
0 78336
0 147968
0 152064
0 221696
0 225792
0 16777728
0 16781824
0 16851456
0 16855552
0 16925184
0 16929280
0 16998912
0 17003008
0 33554944
0 33559040
0 33628672
0 33632768
0 33702400
0 33706496
0 33776128
0 33780224
0 50332160
0 50336256
0 50405888
0 50409984
0 50479616
0 50483712
0 50553344
0 50557440
0 67109376
0 67113472
0 67183104
0 67187200
0 67256832
0 67260928
0 67330560
0 67334656
0 83886592
0 83890688
0 83960320
0 83964416
0 84034048
0 84038144
0 84107776
0 84111872
0 100663808
0 100667904
0 100737536
0 100741632
0 100811264
0 100815360
0 100884992
0 100889088
0 117441024
0 117445120
0 117514752
0 117518848
0 117588480
0 117592576
0 117662208
0 117666304
0 134218240
0 134222336
0 134291968
0 134296064
0 134365696
0 134369792
0 134439424
0 134443520
0 576
0 4672
0 74304
0 78400
0 148032
0 152128
0 221760
0 225856
0 16777792
0 16781888
0 16851520
0 16855616
0 16925248
0 16929344
0 16998976
0 17003072
0 33555008
0 33559104
0 33628736
0 33632832
0 33702464
0 33706560
0 33776192
0 33780288
0 50332224
0 50336320
0 50405952
0 50410048
0 50479680
0 50483776
0 50553408
0 50557504
0 67109440
0 67113536
0 67183168
0 67187264
0 67256896
0 67260992
0 67330624
0 67334720
0 83886656
0 83890752
0 83960384
0 83964480
0 84034112
0 84038208
0 84107840
0 84111936
0 100663872
0 100667968
0 100737600
0 100741696
0 100811328
0 100815424
0 100885056
0 100889152
0 117441088
0 117445184
0 117514816
0 117518912
0 117588544
0 117592640
0 117662272
0 117666368
0 134218304
0 134222400
0 134292032
0 134296128
0 134365760
0 134369856
0 134439488
0 134443584
0 640
0 4736
0 74368
0 78464
0 148096
0 152192
0 221824
0 225920
0 16777856
0 16781952
0 16851584
0 16855680
0 16925312
0 16929408
0 16999040
0 17003136
0 33555072
0 33559168
0 33628800
0 33632896
0 33702528
0 33706624
0 33776256
0 33780352
0 50332288
0 50336384
0 50406016
0 50410112
0 50479744
0 50483840
0 50553472
0 50557568
0 67109504
0 67113600
0 67183232
0 67187328
0 67256960
0 67261056
0 67330688
0 67334784
0 83886720
0 83890816
0 83960448
0 83964544
0 84034176
0 84038272
0 84107904
0 84112000
0 100663936
0 100668032
0 100737664
0 100741760
0 100811392
0 100815488
0 100885120
0 100889216
0 117441152
0 117445248
0 117514880
0 117518976
0 117588608
0 117592704
0 117662336
0 117666432
0 134218368
0 134222464
0 134292096
0 134296192
0 134365824
0 134369920
0 134439552
0 134443648
0 704
0 4800
0 74432
0 78528
0 148160
0 152256
0 221888
0 225984
0 16777920
0 16782016
0 16851648
0 16855744
0 16925376
0 16929472
0 16999104
0 17003200
0 33555136
0 33559232
0 33628864
0 33632960
0 33702592
0 33706688
0 33776320
0 33780416
0 50332352
0 50336448
0 50406080
0 50410176
0 50479808
0 50483904
0 50553536
0 50557632
0 67109568
0 67113664
0 67183296
0 67187392
0 67257024
0 67261120
0 67330752
0 67334848
0 83886784
0 83890880
0 83960512
0 83964608
0 84034240
0 84038336
0 84107968
0 84112064
0 100664000
0 100668096
0 100737728
0 100741824
0 100811456
0 100815552
0 100885184
0 100889280
0 117441216
0 117445312
0 117514944
0 117519040
0 117588672
0 117592768
0 117662400
0 117666496
0 134218432
0 134222528
0 134292160
0 134296256
0 134365888
0 134369984
0 134439616
0 134443712
0 768
0 4864
0 74496
0 78592
0 148224
0 152320
0 221952
0 226048
0 16777984
0 16782080
0 16851712
0 16855808
0 16925440
0 16929536
0 16999168
0 17003264
0 33555200
0 33559296
0 33628928
0 33633024
0 33702656
0 33706752
0 33776384
0 33780480
0 50332416
0 50336512
0 50406144
0 50410240
0 50479872
0 50483968
0 50553600
0 50557696
0 67109632
0 67113728
0 67183360
0 67187456
0 67257088
0 67261184
0 67330816
0 67334912
0 83886848
0 83890944
0 83960576
0 83964672
0 84034304
0 84038400
0 84108032
0 84112128
0 100664064
0 100668160
0 100737792
0 100741888
0 100811520
0 100815616
0 100885248
0 100889344
0 117441280
0 117445376
0 117515008
0 117519104
0 117588736
0 117592832
0 117662464
0 117666560
0 134218496
0 134222592
0 134292224
0 134296320
0 134365952
0 134370048
0 134439680
0 134443776
0 832
0 4928
0 74560
0 78656
0 148288
0 152384
0 222016
0 226112
0 16778048
0 16782144
0 16851776
0 16855872
0 16925504
0 16929600
0 16999232
0 17003328
0 33555264
0 33559360
0 33628992
0 33633088
0 33702720
0 33706816
0 33776448
0 33780544
0 50332480
0 50336576
0 50406208
0 50410304
0 50479936
0 50484032
0 50553664
0 50557760
0 67109696
0 67113792
0 67183424
0 67187520
0 67257152
0 67261248
0 67330880
0 67334976
0 83886912
0 83891008
0 83960640
0 83964736
0 84034368
0 84038464
0 84108096
0 84112192
0 100664128
0 100668224
0 100737856
0 100741952
0 100811584
0 100815680
0 100885312
0 100889408
0 117441344
0 117445440
0 117515072
0 117519168
0 117588800
0 117592896
0 117662528
0 117666624
0 134218560
0 134222656
0 134292288
0 134296384
0 134366016
0 134370112
0 134439744
0 134443840
0 896
0 4992
0 74624
0 78720
0 148352
0 152448
0 222080
0 226176
0 16778112
0 16782208
0 16851840
0 16855936
0 16925568
0 16929664
0 16999296
0 17003392
0 33555328
0 33559424
0 33629056
0 33633152
0 33702784
0 33706880
0 33776512
0 33780608
0 50332544
0 50336640
0 50406272
0 50410368
0 50480000
0 50484096
0 50553728
0 50557824
0 67109760
0 67113856
0 67183488
0 67187584
0 67257216
0 67261312
0 67330944
0 67335040
0 83886976
0 83891072
0 83960704
0 83964800
0 84034432
0 84038528
0 84108160
0 84112256
0 100664192
0 100668288
0 100737920
0 100742016
0 100811648
0 100815744
0 100885376
0 100889472
0 117441408
0 117445504
0 117515136
0 117519232
0 117588864
0 117592960
0 117662592
0 117666688
0 134218624
0 134222720
0 134292352
0 134296448
0 134366080
0 134370176
0 134439808
0 134443904
0 960
0 5056
0 74688
0 78784
0 148416
0 152512
0 222144
0 226240
0 16778176
0 16782272
0 16851904
0 16856000
0 16925632
0 16929728
0 16999360
0 17003456
0 33555392
0 33559488
0 33629120
0 33633216
0 33702848
0 33706944
0 33776576
0 33780672
0 50332608
0 50336704
0 50406336
0 50410432
0 50480064
0 50484160
0 50553792
0 50557888
0 67109824
0 67113920
0 67183552
0 67187648
0 67257280
0 67261376
0 67331008
0 67335104
0 83887040
0 83891136
0 83960768
0 83964864
0 84034496
0 84038592
0 84108224
0 84112320
0 100664256
0 100668352
0 100737984
0 100742080
0 100811712
0 100815808
0 100885440
0 100889536
0 117441472
0 117445568
0 117515200
0 117519296
0 117588928
0 117593024
0 117662656
0 117666752
0 134218688
0 134222784
0 134292416
0 134296512
0 134366144
0 134370240
0 134439872
0 134443968
