0 0
0 8192
0 16384
0 24576
0 32768
0 40960
0 49152
0 57344
0 8388608
0 8396800
0 8404992
0 8413184
0 8421376
0 8429568
0 8437760
0 8445952
0 16777216
0 16785408
0 16793600
0 16801792
0 16809984
0 16818176
0 16826368
0 16834560
0 25165824
0 25174016
0 25182208
0 25190400
0 25198592
0 25206784
0 25214976
0 25223168
0 33554432
0 33562624
0 33570816
0 33579008
0 33587200
0 33595392
0 33603584
0 33611776
0 41943040
0 41951232
0 41959424
0 41967616
0 41975808
0 41984000
0 41992192
0 42000384
0 50331648
0 50339840
0 50348032
0 50356224
0 50364416
0 50372608
0 50380800
0 50388992
0 58720256
0 58728448
0 58736640
0 58744832
0 58753024
0 58761216
0 58769408
0 58777600
0 67108864
0 67117056
0 67125248
0 67133440
0 67141632
0 67149824
0 67158016
0 67166208
